<?xml version="1.0" encoding="UTF-8"?>
<testng-results ignored="0" total="1" passed="1" failed="0" skipped="0">
  <reporter-output>
  </reporter-output>
  <suite started-at="2024-01-27T22:39:56 IST" name="Suite" finished-at="2024-01-27T22:39:56 IST" duration-ms="137">
    <groups>
    </groups>
    <test started-at="2024-01-27T22:39:56 IST" name="Test" finished-at="2024-01-27T22:39:56 IST" duration-ms="137">
      <class name="com.test.testng.testcalc">
        <test-method is-config="true" signature="beforeMethod()[pri:0, instance:com.test.testng.testcalc@24fcf36f]" started-at="2024-01-27T22:39:56 IST" name="beforeMethod" finished-at="2024-01-27T22:39:56 IST" duration-ms="24" status="PASS">
          <reporter-output>
          </reporter-output>
        </test-method> <!-- beforeMethod -->
        <test-method signature="CalcTest()[pri:0, instance:com.test.testng.testcalc@24fcf36f]" started-at="2024-01-27T22:39:56 IST" name="CalcTest" finished-at="2024-01-27T22:39:56 IST" duration-ms="11" status="PASS">
          <reporter-output>
          </reporter-output>
        </test-method> <!-- CalcTest -->
        <test-method is-config="true" signature="afterMethod()[pri:0, instance:com.test.testng.testcalc@24fcf36f]" started-at="2024-01-27T22:39:56 IST" name="afterMethod" finished-at="2024-01-27T22:39:56 IST" duration-ms="2" status="PASS">
          <reporter-output>
          </reporter-output>
        </test-method> <!-- afterMethod -->
      </class> <!-- com.test.testng.testcalc -->
    </test> <!-- Test -->
  </suite> <!-- Suite -->
</testng-results>
